c:\users\user\pycharmprojects\lab_1_algebra_of_polynomials\algebra_of_pol\x64\debug\vc143.pdb
c:\users\user\pycharmprojects\lab_1_algebra_of_polynomials\algebra_of_pol\x64\debug\vc143.idb
c:\users\user\pycharmprojects\lab_1_algebra_of_polynomials\algebra_of_pol\x64\debug\polynom.obj
c:\users\user\pycharmprojects\lab_1_algebra_of_polynomials\algebra_of_pol\x64\debug\main.obj
c:\users\user\pycharmprojects\lab_1_algebra_of_polynomials\algebra_of_pol\x64\debug\postfix.obj
c:\users\user\pycharmprojects\lab_1_algebra_of_polynomials\algebra_of_pol\x64\debug\arraytable.obj
c:\users\user\pycharmprojects\lab_1_algebra_of_polynomials\algebra_of_pol\x64\debug\lineararraytable.obj
c:\users\user\pycharmprojects\lab_1_algebra_of_polynomials\algebra_of_pol\x64\debug\avltree.obj
c:\users\user\pycharmprojects\lab_1_algebra_of_polynomials\algebra_of_pol\x64\debug\hashtable1.obj
c:\users\user\pycharmprojects\lab_1_algebra_of_polynomials\x64\debug\algebra_of_pol.pdb
c:\users\user\pycharmprojects\lab_1_algebra_of_polynomials\algebra_of_pol\x64\debug\algebra_of_pol.tlog\cl.command.1.tlog
c:\users\user\pycharmprojects\lab_1_algebra_of_polynomials\algebra_of_pol\x64\debug\algebra_of_pol.tlog\cl.read.1.tlog
c:\users\user\pycharmprojects\lab_1_algebra_of_polynomials\algebra_of_pol\x64\debug\algebra_of_pol.tlog\cl.write.1.tlog
c:\users\user\pycharmprojects\lab_1_algebra_of_polynomials\algebra_of_pol\x64\debug\algebra_of_pol.tlog\link-cvtres.read.1.tlog
c:\users\user\pycharmprojects\lab_1_algebra_of_polynomials\algebra_of_pol\x64\debug\algebra_of_pol.tlog\link-cvtres.write.1.tlog
c:\users\user\pycharmprojects\lab_1_algebra_of_polynomials\algebra_of_pol\x64\debug\algebra_of_pol.tlog\link-rc.read.1.tlog
c:\users\user\pycharmprojects\lab_1_algebra_of_polynomials\algebra_of_pol\x64\debug\algebra_of_pol.tlog\link-rc.write.1.tlog
c:\users\user\pycharmprojects\lab_1_algebra_of_polynomials\algebra_of_pol\x64\debug\algebra_of_pol.tlog\link.command.1.tlog
c:\users\user\pycharmprojects\lab_1_algebra_of_polynomials\algebra_of_pol\x64\debug\algebra_of_pol.tlog\link.read.1.tlog
c:\users\user\pycharmprojects\lab_1_algebra_of_polynomials\algebra_of_pol\x64\debug\algebra_of_pol.tlog\link.read.2.tlog
c:\users\user\pycharmprojects\lab_1_algebra_of_polynomials\algebra_of_pol\x64\debug\algebra_of_pol.tlog\link.write.1.tlog
